Using pre-set license
Built from '2020.3/staging' branch; Version is '2020.3.25f1 (9b9180224418) revision 10195328'; Using compiler version '192528614'; Build Type 'Release'
OS: 'Windows 10  (10.0.19044) 64bit Core' Language: 'en' Physical Memory: 32637 MB
BatchMode: 1, IsHumanControllingUs: 0, StartBugReporterOnCrash: 0, Is64bit: 1, IsPro: 0

COMMAND LINE ARGUMENTS:
C:\Program Files\Unity\Hub\Editor\2020.3.25f1\Editor\Unity.exe
-adb2
-batchMode
-noUpm
-name
AssetImportWorker1
-projectPath
C:/Users/ADMIN/Documents/GitHub/BoulderRun
-logFile
Logs/AssetImportWorker1.log
-srvPort
50568
Successfully changed project path to: C:/Users/ADMIN/Documents/GitHub/BoulderRun
C:/Users/ADMIN/Documents/GitHub/BoulderRun
Using Asset Import Pipeline V2.
Refreshing native plugins compatible for Editor in 59.35 ms, found 2 plugins.
Preloading 0 native plugins for Editor in 0.00 ms.
Initialize engine version: 2020.3.25f1 (9b9180224418)
[Subsystems] Discovering subsystems at path C:/Program Files/Unity/Hub/Editor/2020.3.25f1/Editor/Data/Resources/UnitySubsystems
[Subsystems] Discovering subsystems at path C:/Users/ADMIN/Documents/GitHub/BoulderRun/Assets
GfxDevice: creating device client; threaded=0
Direct3D:
    Version:  Direct3D 11.0 [level 11.1]
    Renderer: NVIDIA GeForce RTX 3060 (ID=0x2503)
    Vendor:   
    VRAM:     12142 MB
    Driver:   30.0.15.1277
Initialize mono
Mono path[0] = 'C:/Program Files/Unity/Hub/Editor/2020.3.25f1/Editor/Data/Managed'
Mono path[1] = 'C:/Program Files/Unity/Hub/Editor/2020.3.25f1/Editor/Data/MonoBleedingEdge/lib/mono/unityjit'
Mono config path = 'C:/Program Files/Unity/Hub/Editor/2020.3.25f1/Editor/Data/MonoBleedingEdge/etc'
Using monoOptions --debugger-agent=transport=dt_socket,embedding=1,server=y,suspend=n,address=127.0.0.1:56944
Begin MonoManager ReloadAssembly
Registering precompiled unity dll's ...
Register platform support module: C:/Program Files/Unity/Hub/Editor/2020.3.25f1/Editor/Data/PlaybackEngines/WindowsStandaloneSupport/UnityEditor.WindowsStandalone.Extensions.dll
Registered in 0.001492 seconds.
Native extension for WindowsStandalone target not found
Refreshing native plugins compatible for Editor in 60.59 ms, found 2 plugins.
Preloading 0 native plugins for Editor in 0.00 ms.
Mono: successfully reloaded assembly
- Completed reload, in  0.487 seconds
Domain Reload Profiling:
	ReloadAssembly (487ms)
		BeginReloadAssembly (41ms)
			ExecutionOrderSort (0ms)
			DisableScriptedObjects (0ms)
			BackupInstance (0ms)
			ReleaseScriptingObjects (0ms)
			CreateAndSetChildDomain (1ms)
		EndReloadAssembly (389ms)
			LoadAssemblies (39ms)
			RebuildTransferFunctionScriptingTraits (0ms)
			SetupTypeCache (121ms)
			ReleaseScriptCaches (0ms)
			RebuildScriptCaches (23ms)
			SetupLoadedEditorAssemblies (165ms)
				LogAssemblyErrors (0ms)
				InitializePlatformSupportModulesInManaged (4ms)
				SetLoadedEditorAssemblies (0ms)
				RefreshPlugins (61ms)
				BeforeProcessingInitializeOnLoad (13ms)
				ProcessInitializeOnLoadAttributes (65ms)
				ProcessInitializeOnLoadMethodAttributes (22ms)
				AfterProcessingInitializeOnLoad (0ms)
				EditorAssembliesLoaded (0ms)
			ExecutionOrderSort2 (0ms)
			AwakeInstancesAfterBackupRestoration (0ms)
Platform modules already initialized, skipping
Registering precompiled user dll's ...
Registered in 0.004457 seconds.
Begin MonoManager ReloadAssembly
Native extension for WindowsStandalone target not found
Refreshing native plugins compatible for Editor in 64.34 ms, found 2 plugins.
Preloading 0 native plugins for Editor in 0.00 ms.
Mono: successfully reloaded assembly
- Completed reload, in  1.061 seconds
Domain Reload Profiling:
	ReloadAssembly (1061ms)
		BeginReloadAssembly (114ms)
			ExecutionOrderSort (0ms)
			DisableScriptedObjects (4ms)
			BackupInstance (0ms)
			ReleaseScriptingObjects (0ms)
			CreateAndSetChildDomain (16ms)
		EndReloadAssembly (897ms)
			LoadAssemblies (77ms)
			RebuildTransferFunctionScriptingTraits (0ms)
			SetupTypeCache (289ms)
			ReleaseScriptCaches (1ms)
			RebuildScriptCaches (49ms)
			SetupLoadedEditorAssemblies (381ms)
				LogAssemblyErrors (0ms)
				InitializePlatformSupportModulesInManaged (3ms)
				SetLoadedEditorAssemblies (0ms)
				RefreshPlugins (64ms)
				BeforeProcessingInitializeOnLoad (84ms)
				ProcessInitializeOnLoadAttributes (216ms)
				ProcessInitializeOnLoadMethodAttributes (8ms)
				AfterProcessingInitializeOnLoad (5ms)
				EditorAssembliesLoaded (0ms)
			ExecutionOrderSort2 (0ms)
			AwakeInstancesAfterBackupRestoration (5ms)
Platform modules already initialized, skipping
========================================================================
Worker process is ready to serve import requests
Launched and connected shader compiler UnityShaderCompiler.exe after 0.03 seconds
Refreshing native plugins compatible for Editor in 0.70 ms, found 2 plugins.
Preloading 0 native plugins for Editor in 0.00 ms.
Unloading 3709 Unused Serialized files (Serialized files now loaded: 0)
System memory in use before: 181.2 MB.
System memory in use after: 181.5 MB.

Unloading 26 unused Assets to reduce memory usage. Loaded Objects now: 4169.
Total: 3.473300 ms (FindLiveObjects: 0.257800 ms CreateObjectMapping: 0.178800 ms MarkObjects: 2.950900 ms  DeleteObjects: 0.085100 ms)

AssetImportParameters requested are different than current active one (requested -> active):
  custom:framework-win-MediaFoundation: 216162199b28c13a410421893ffa2e32 -> 
  custom:video-decoder-ogg-theora: a1e56fd34408186e4bbccfd4996cb3dc -> 
  custom:container-muxer-webm: aa71ff27fc2769a1b78a27578f13a17b -> 
  custom:container-demuxer-webm: 4f35f7cbe854078d1ac9338744f61a02 -> 
  custom:container-demuxer-ogg: 62fdf1f143b41e24485cea50d1cbac27 -> 
  custom:video-encoder-webm-vp8: eb34c28f22e8b96e1ab97ce403110664 -> 
  custom:video-decoder-webm-vp8: 9c59270c3fd7afecdb556c50c9e8de78 -> 
  custom:audio-decoder-ogg-vorbis: bf7c407c2cedff20999df2af8eb42d56 -> 
  custom:audio-encoder-webm-vorbis: bf7c407c2cedff20999df2af8eb42d56 -> 
========================================================================
Received Import Request.
  path: Assets/SkySeries Freebie/FreebieHdri/SkyhighFluffycloudField4k.hdr
  artifactKey: Guid(18a0be10f0f64ac4c9f679d68e2cf857) Importer(815301076,1909f56bfc062723c751e8b465ee728b)
Start importing Assets/SkySeries Freebie/FreebieHdri/SkyhighFluffycloudField4k.hdr using Guid(18a0be10f0f64ac4c9f679d68e2cf857) Importer(815301076,1909f56bfc062723c751e8b465ee728b)  -> (artifact id: '12bce758e55b0c9295767fc315f72c25') in 0.126973 seconds 
  Import took 0.133376 seconds .

========================================================================
Received Import Request.
  Time since last request: 0.000155 seconds.
  path: Assets/First Fantasy Pack/First Fantasy for Mobile/Environments/Media/Particles/Ray_01.tga
  artifactKey: Guid(201c4d67ee87c464c9cac0f8f6c88aaa) Importer(815301076,1909f56bfc062723c751e8b465ee728b)
Start importing Assets/First Fantasy Pack/First Fantasy for Mobile/Environments/Media/Particles/Ray_01.tga using Guid(201c4d67ee87c464c9cac0f8f6c88aaa) Importer(815301076,1909f56bfc062723c751e8b465ee728b)  -> (artifact id: 'c9108708276a23980e4f82af7126512d') in 0.014537 seconds 
  Import took 0.019503 seconds .

========================================================================
Received Import Request.
  Time since last request: 0.000123 seconds.
  path: Assets/Material/stone-rock-wall-beautiful-pattern-background-texture-design-stonework-aged-structure-141405861.jpg
  artifactKey: Guid(8f262690693953f498b25860b5941bb4) Importer(815301076,1909f56bfc062723c751e8b465ee728b)
Start importing Assets/Material/stone-rock-wall-beautiful-pattern-background-texture-design-stonework-aged-structure-141405861.jpg using Guid(8f262690693953f498b25860b5941bb4) Importer(815301076,1909f56bfc062723c751e8b465ee728b)  -> (artifact id: 'a5f5e130e8fbee306418dc225c8bbf12') in 0.030106 seconds 
  Import took 0.034864 seconds .

========================================================================
Received Import Request.
  Time since last request: 0.000151 seconds.
  path: Assets/First Fantasy Pack/GUI Animator/Common/Textures (Unity UI)/title_bg.psd
  artifactKey: Guid(b78416ec97daeea44b89c5128401485c) Importer(815301076,1909f56bfc062723c751e8b465ee728b)
Start importing Assets/First Fantasy Pack/GUI Animator/Common/Textures (Unity UI)/title_bg.psd using Guid(b78416ec97daeea44b89c5128401485c) Importer(815301076,1909f56bfc062723c751e8b465ee728b)  -> (artifact id: 'abe1a6e763f766c94a369c20ada8f002') in 0.010052 seconds 
  Import took 0.014880 seconds .

========================================================================
Received Import Request.
  Time since last request: 0.000157 seconds.
  path: Assets/BasicWater_URP/Simple Water Shader/Info/Icons/Water Shader icon.PNG
  artifactKey: Guid(766a7edc5f25e3b4daafb5554da17927) Importer(815301076,1909f56bfc062723c751e8b465ee728b)
Start importing Assets/BasicWater_URP/Simple Water Shader/Info/Icons/Water Shader icon.PNG using Guid(766a7edc5f25e3b4daafb5554da17927) Importer(815301076,1909f56bfc062723c751e8b465ee728b)  -> (artifact id: 'd7f95ed8c2234b15684d9a57c5575062') in 0.009939 seconds 
  Import took 0.014631 seconds .

========================================================================
Received Import Request.
  Time since last request: 0.000156 seconds.
  path: Assets/First Fantasy Pack/First Fantasy for Mobile/Environments/Media/Particles/Ring_03.tga
  artifactKey: Guid(c8cd0157f6f4a934a837924c0420a5a5) Importer(815301076,1909f56bfc062723c751e8b465ee728b)
Start importing Assets/First Fantasy Pack/First Fantasy for Mobile/Environments/Media/Particles/Ring_03.tga using Guid(c8cd0157f6f4a934a837924c0420a5a5) Importer(815301076,1909f56bfc062723c751e8b465ee728b)  -> (artifact id: 'c9f3cb05a93b7b039040eb8d9f3d7d1e') in 0.008126 seconds 
  Import took 0.013036 seconds .

========================================================================
Received Import Request.
  Time since last request: 0.000139 seconds.
  path: Assets/First Fantasy Pack/First Fantasy for Mobile/Environments/Media/Skyboxes/Sunset_01_Left.tga
  artifactKey: Guid(7ea32850ba63dc841a9e0eafd9bca072) Importer(815301076,1909f56bfc062723c751e8b465ee728b)
Start importing Assets/First Fantasy Pack/First Fantasy for Mobile/Environments/Media/Skyboxes/Sunset_01_Left.tga using Guid(7ea32850ba63dc841a9e0eafd9bca072) Importer(815301076,1909f56bfc062723c751e8b465ee728b)  -> (artifact id: '2a4f3e770bee403db66ec61e7370784d') in 0.009094 seconds 
  Import took 0.014119 seconds .

========================================================================
Received Import Request.
  Time since last request: 0.000120 seconds.
  path: Assets/First Fantasy Pack/First Fantasy for Mobile/Environments/Media/Particles/RainSplash_01.tga
  artifactKey: Guid(b1d7c28a6ac4a3a4a92fe89a0b10ef80) Importer(815301076,1909f56bfc062723c751e8b465ee728b)
Start importing Assets/First Fantasy Pack/First Fantasy for Mobile/Environments/Media/Particles/RainSplash_01.tga using Guid(b1d7c28a6ac4a3a4a92fe89a0b10ef80) Importer(815301076,1909f56bfc062723c751e8b465ee728b)  -> (artifact id: 'fb1cadbb8adf5bfb6477598869fe3320') in 0.008729 seconds 
  Import took 0.013496 seconds .

========================================================================
Received Import Request.
  Time since last request: 5.427703 seconds.
  path: Assets/SkySeries Freebie/FreebieHdri/Cloudymorning4k.hdr
  artifactKey: Guid(3b5d67736d7b8ad4f8da4d58eaef0b98) Importer(815301076,1909f56bfc062723c751e8b465ee728b)
Start importing Assets/SkySeries Freebie/FreebieHdri/Cloudymorning4k.hdr using Guid(3b5d67736d7b8ad4f8da4d58eaef0b98) Importer(815301076,1909f56bfc062723c751e8b465ee728b)  -> (artifact id: '948a51e33b3760a7ee55fab2c040e1d2') in 0.043811 seconds 
  Import took 0.050188 seconds .

========================================================================
Received Import Request.
  Time since last request: 0.000128 seconds.
  path: Assets/First Fantasy Pack/First Fantasy for Mobile/Environments/Media/Particles/Fire_02.tga
  artifactKey: Guid(7143ae4f6d5c7bb46a48b7463b302ef8) Importer(815301076,1909f56bfc062723c751e8b465ee728b)
Start importing Assets/First Fantasy Pack/First Fantasy for Mobile/Environments/Media/Particles/Fire_02.tga using Guid(7143ae4f6d5c7bb46a48b7463b302ef8) Importer(815301076,1909f56bfc062723c751e8b465ee728b)  -> (artifact id: '4c88bc4fc1a24043c7c62109979ec171') in 0.007419 seconds 
  Import took 0.012145 seconds .

========================================================================
Received Import Request.
  Time since last request: 0.000206 seconds.
  path: Assets/SkySeries Freebie/FreebieHdri/CosmicCoolCloudRight.hdr
  artifactKey: Guid(438e868ac8cccca4e81873838a67c003) Importer(815301076,1909f56bfc062723c751e8b465ee728b)
Start importing Assets/SkySeries Freebie/FreebieHdri/CosmicCoolCloudRight.hdr using Guid(438e868ac8cccca4e81873838a67c003) Importer(815301076,1909f56bfc062723c751e8b465ee728b)  -> (artifact id: 'fe91ac83989033050ee353bda772ee4a') in 0.011678 seconds 
  Import took 0.016679 seconds .

========================================================================
Received Import Request.
  Time since last request: 0.000200 seconds.
  path: Assets/First Fantasy Pack/First Fantasy for Mobile/Environments/Media/Textures/Grass_06.tga
  artifactKey: Guid(b1c6d4e59fdfa4049a2100947426ea15) Importer(815301076,1909f56bfc062723c751e8b465ee728b)
Start importing Assets/First Fantasy Pack/First Fantasy for Mobile/Environments/Media/Textures/Grass_06.tga using Guid(b1c6d4e59fdfa4049a2100947426ea15) Importer(815301076,1909f56bfc062723c751e8b465ee728b)  -> (artifact id: '96a6574eef61fd9fd669cb57408b98b3') in 0.007670 seconds 
  Import took 0.013138 seconds .

========================================================================
Received Import Request.
  Time since last request: 0.000127 seconds.
  path: Assets/Material/e4defcc93b4ef00d0809244641a3edd0--creative-thinking-texture.jpg
  artifactKey: Guid(9586722dd260a6f47a46822084a2fdb1) Importer(815301076,1909f56bfc062723c751e8b465ee728b)
Start importing Assets/Material/e4defcc93b4ef00d0809244641a3edd0--creative-thinking-texture.jpg using Guid(9586722dd260a6f47a46822084a2fdb1) Importer(815301076,1909f56bfc062723c751e8b465ee728b)  -> (artifact id: '104389f3429c50b973766fda10880ad7') in 0.008293 seconds 
  Import took 0.013427 seconds .

========================================================================
Received Import Request.
  Time since last request: 0.000140 seconds.
  path: Assets/SkySeries Freebie/FreebieHdri/FluffballDayRight.hdr
  artifactKey: Guid(669daa4bd63e4204dacb9aa01a164a7f) Importer(815301076,1909f56bfc062723c751e8b465ee728b)
Start importing Assets/SkySeries Freebie/FreebieHdri/FluffballDayRight.hdr using Guid(669daa4bd63e4204dacb9aa01a164a7f) Importer(815301076,1909f56bfc062723c751e8b465ee728b)  -> (artifact id: '196eb169cbc4bd8801c1a208ec20da33') in 0.009454 seconds 
  Import took 0.014800 seconds .

========================================================================
Received Import Request.
  Time since last request: 0.000133 seconds.
  path: Assets/First Fantasy Pack/First Fantasy for Mobile/Environments/Media/Textures/Flower_05.tga
  artifactKey: Guid(308e461228cbd884791284b95cd74f30) Importer(815301076,1909f56bfc062723c751e8b465ee728b)
Start importing Assets/First Fantasy Pack/First Fantasy for Mobile/Environments/Media/Textures/Flower_05.tga using Guid(308e461228cbd884791284b95cd74f30) Importer(815301076,1909f56bfc062723c751e8b465ee728b)  -> (artifact id: '6e594b8e00bb5d2446e4b30eb2f1caf1') in 0.007982 seconds 
  Import took 0.013669 seconds .

========================================================================
Received Import Request.
  Time since last request: 0.000115 seconds.
  path: Assets/SkySeries Freebie/FreebieHdri/DarkStorm4K.hdr
  artifactKey: Guid(762f22ba43541df4e95e0e7126e8d96c) Importer(815301076,1909f56bfc062723c751e8b465ee728b)
Start importing Assets/SkySeries Freebie/FreebieHdri/DarkStorm4K.hdr using Guid(762f22ba43541df4e95e0e7126e8d96c) Importer(815301076,1909f56bfc062723c751e8b465ee728b)  -> (artifact id: '4314ab51d4a82f6eab5ad4c8f417f173') in 0.043794 seconds 
  Import took 0.049916 seconds .

========================================================================
Received Import Request.
  Time since last request: 0.000137 seconds.
  path: Assets/First Fantasy Pack/First Fantasy for Mobile/Environments/Media/Textures/Ground_Brick_01.tga
  artifactKey: Guid(470028c088b078646bf228ff5edb6605) Importer(815301076,1909f56bfc062723c751e8b465ee728b)
Start importing Assets/First Fantasy Pack/First Fantasy for Mobile/Environments/Media/Textures/Ground_Brick_01.tga using Guid(470028c088b078646bf228ff5edb6605) Importer(815301076,1909f56bfc062723c751e8b465ee728b)  -> (artifact id: '0fff3d985758057ee63dcc44cc3d8d42') in 0.008208 seconds 
  Import took 0.012848 seconds .

========================================================================
Received Import Request.
  Time since last request: 0.000134 seconds.
  path: Assets/First Fantasy Pack/First Fantasy for Mobile/Environments/Media/Textures/Grass_02.tga
  artifactKey: Guid(483e9ed4fab823e4a90b154b28737c60) Importer(815301076,1909f56bfc062723c751e8b465ee728b)
Start importing Assets/First Fantasy Pack/First Fantasy for Mobile/Environments/Media/Textures/Grass_02.tga using Guid(483e9ed4fab823e4a90b154b28737c60) Importer(815301076,1909f56bfc062723c751e8b465ee728b)  -> (artifact id: '94874633dfad5d00660224a1e099fd43') in 0.007230 seconds 
  Import took 0.012146 seconds .

========================================================================
Received Import Request.
  Time since last request: 0.000147 seconds.
  path: Assets/First Fantasy Pack/First Fantasy for Mobile/Environments/Media/Textures/Ground_LavaField_01.tga
  artifactKey: Guid(ac14956c153714f4fa4a91589c42e64f) Importer(815301076,1909f56bfc062723c751e8b465ee728b)
Start importing Assets/First Fantasy Pack/First Fantasy for Mobile/Environments/Media/Textures/Ground_LavaField_01.tga using Guid(ac14956c153714f4fa4a91589c42e64f) Importer(815301076,1909f56bfc062723c751e8b465ee728b)  -> (artifact id: '2753b73bef4b077eb70549e780334e54') in 0.008741 seconds 
  Import took 0.014201 seconds .

========================================================================
Received Import Request.
  Time since last request: 0.000141 seconds.
  path: Assets/Material/depositphotos_27750573-stock-photo-seamless-moss-old-green-wall.jpg
  artifactKey: Guid(7fc6baa421be3d143892ae96314e9f12) Importer(815301076,1909f56bfc062723c751e8b465ee728b)
Start importing Assets/Material/depositphotos_27750573-stock-photo-seamless-moss-old-green-wall.jpg using Guid(7fc6baa421be3d143892ae96314e9f12) Importer(815301076,1909f56bfc062723c751e8b465ee728b)  -> (artifact id: '6144e6849b7575788748638608b37d98') in 0.009713 seconds 
  Import took 0.014748 seconds .

========================================================================
Received Import Request.
  Time since last request: 0.000136 seconds.
  path: Assets/First Fantasy Pack/First Fantasy for Mobile/Environments/Media/Particles/ElectricSpark_01.tga
  artifactKey: Guid(d177340f2bda18643bb04c223d30a126) Importer(815301076,1909f56bfc062723c751e8b465ee728b)
Start importing Assets/First Fantasy Pack/First Fantasy for Mobile/Environments/Media/Particles/ElectricSpark_01.tga using Guid(d177340f2bda18643bb04c223d30a126) Importer(815301076,1909f56bfc062723c751e8b465ee728b)  -> (artifact id: '7e39a69048aea711dc1533dae27c0b14') in 0.007331 seconds 
  Import took 0.012259 seconds .

========================================================================
Received Import Request.
  Time since last request: 0.000120 seconds.
  path: Assets/First Fantasy Pack/First Fantasy for Mobile/Environments/Media/Textures/Ground_Grass_02.tga
  artifactKey: Guid(f6cd44281df487c48a022a86cb2d91a9) Importer(815301076,1909f56bfc062723c751e8b465ee728b)
Start importing Assets/First Fantasy Pack/First Fantasy for Mobile/Environments/Media/Textures/Ground_Grass_02.tga using Guid(f6cd44281df487c48a022a86cb2d91a9) Importer(815301076,1909f56bfc062723c751e8b465ee728b)  -> (artifact id: 'ab06cee0f44e93934b6d42dde5020241') in 0.008122 seconds 
  Import took 0.013164 seconds .

========================================================================
Received Import Request.
  Time since last request: 0.000142 seconds.
  path: Assets/SkySeries Freebie/FreebieHdri/FluffballDayFront.hdr
  artifactKey: Guid(4499836ec803a0443834895abc208fba) Importer(815301076,1909f56bfc062723c751e8b465ee728b)
Start importing Assets/SkySeries Freebie/FreebieHdri/FluffballDayFront.hdr using Guid(4499836ec803a0443834895abc208fba) Importer(815301076,1909f56bfc062723c751e8b465ee728b)  -> (artifact id: '9e57488a6247e08720907c1c8a7f98b8') in 0.008838 seconds 
  Import took 0.013885 seconds .

========================================================================
Received Import Request.
  Time since last request: 0.000128 seconds.
  path: Assets/First Fantasy Pack/First Fantasy for Mobile/Environments/Media/Particles/Fire_01.tga
  artifactKey: Guid(f72768f9df4919e4bb5c91eec1eddf22) Importer(815301076,1909f56bfc062723c751e8b465ee728b)
Start importing Assets/First Fantasy Pack/First Fantasy for Mobile/Environments/Media/Particles/Fire_01.tga using Guid(f72768f9df4919e4bb5c91eec1eddf22) Importer(815301076,1909f56bfc062723c751e8b465ee728b)  -> (artifact id: '1883b715c8a57dbcb18cad9684c13fd5') in 0.007333 seconds 
  Import took 0.012125 seconds .

========================================================================
Received Import Request.
  Time since last request: 0.000173 seconds.
  path: Assets/SkySeries Freebie/FreebieHdri/CoriolisNight4k.hdr
  artifactKey: Guid(354036e57ae357148aed267204ce73a7) Importer(815301076,1909f56bfc062723c751e8b465ee728b)
Start importing Assets/SkySeries Freebie/FreebieHdri/CoriolisNight4k.hdr using Guid(354036e57ae357148aed267204ce73a7) Importer(815301076,1909f56bfc062723c751e8b465ee728b)  -> (artifact id: '945f9c9f5efe8c2f9b5a2a5922c23f9c') in 0.047864 seconds 
  Import took 0.054252 seconds .

========================================================================
Received Import Request.
  Time since last request: 0.000137 seconds.
  path: Assets/First Fantasy Pack/First Fantasy for Mobile/Environments/Media/Textures/Flower_01.tga
  artifactKey: Guid(b897cf3d14a5c6749b27a957f51e61db) Importer(815301076,1909f56bfc062723c751e8b465ee728b)
Start importing Assets/First Fantasy Pack/First Fantasy for Mobile/Environments/Media/Textures/Flower_01.tga using Guid(b897cf3d14a5c6749b27a957f51e61db) Importer(815301076,1909f56bfc062723c751e8b465ee728b)  -> (artifact id: 'f0fb008a0cd985b471c6dbc0d1f1fae8') in 0.007549 seconds 
  Import took 0.012202 seconds .

========================================================================
Received Import Request.
  Time since last request: 0.000120 seconds.
  path: Assets/First Fantasy Pack/First Fantasy for Mobile/Environments/Media/Textures/Grass_01.tga
  artifactKey: Guid(332e799ccde15fb4da24868816197465) Importer(815301076,1909f56bfc062723c751e8b465ee728b)
Start importing Assets/First Fantasy Pack/First Fantasy for Mobile/Environments/Media/Textures/Grass_01.tga using Guid(332e799ccde15fb4da24868816197465) Importer(815301076,1909f56bfc062723c751e8b465ee728b)  -> (artifact id: 'b5443fd7f2412edb43c94419a6cd6d94') in 0.007110 seconds 
  Import took 0.012236 seconds .

========================================================================
Received Import Request.
  Time since last request: 0.000136 seconds.
  path: Assets/First Fantasy Pack/First Fantasy for Mobile/Environments/Media/Textures/Flower_02.tga
  artifactKey: Guid(400d0a6293aecef4fadeccc267840047) Importer(815301076,1909f56bfc062723c751e8b465ee728b)
Start importing Assets/First Fantasy Pack/First Fantasy for Mobile/Environments/Media/Textures/Flower_02.tga using Guid(400d0a6293aecef4fadeccc267840047) Importer(815301076,1909f56bfc062723c751e8b465ee728b)  -> (artifact id: '29325c8cdad9fd638b386873bcc27d2d') in 0.007385 seconds 
  Import took 0.012289 seconds .

========================================================================
Received Import Request.
  Time since last request: 0.000139 seconds.
  path: Assets/First Fantasy Pack/First Fantasy for Mobile/Environments/Media/Skyboxes/Fullmoon_01_Front.tga
  artifactKey: Guid(ca71bff4a6538564d80f15ed8652571f) Importer(815301076,1909f56bfc062723c751e8b465ee728b)
Start importing Assets/First Fantasy Pack/First Fantasy for Mobile/Environments/Media/Skyboxes/Fullmoon_01_Front.tga using Guid(ca71bff4a6538564d80f15ed8652571f) Importer(815301076,1909f56bfc062723c751e8b465ee728b)  -> (artifact id: '6e2d5ef4ee86bd66a4461ac280276b5c') in 0.008301 seconds 
  Import took 0.013158 seconds .

========================================================================
Received Import Request.
  Time since last request: 0.000137 seconds.
  path: Assets/First Fantasy Pack/First Fantasy for Mobile/Environments/Media/Textures/Flower_03.tga
  artifactKey: Guid(0a03301b476ea914b8e4915da86b0032) Importer(815301076,1909f56bfc062723c751e8b465ee728b)
Start importing Assets/First Fantasy Pack/First Fantasy for Mobile/Environments/Media/Textures/Flower_03.tga using Guid(0a03301b476ea914b8e4915da86b0032) Importer(815301076,1909f56bfc062723c751e8b465ee728b)  -> (artifact id: '0d2ee154115bcf970b837742a29f18de') in 0.008052 seconds 
  Import took 0.013333 seconds .

========================================================================
Received Import Request.
  Time since last request: 0.000148 seconds.
  path: Assets/First Fantasy Pack/First Fantasy for Mobile/Environments/Media/Textures/Grass_05.tga
  artifactKey: Guid(53cac2f102c46544dafb0a96f50416cc) Importer(815301076,1909f56bfc062723c751e8b465ee728b)
Start importing Assets/First Fantasy Pack/First Fantasy for Mobile/Environments/Media/Textures/Grass_05.tga using Guid(53cac2f102c46544dafb0a96f50416cc) Importer(815301076,1909f56bfc062723c751e8b465ee728b)  -> (artifact id: 'ebd092ef02f9dcc576ecf0c1b8d75134') in 0.007135 seconds 
  Import took 0.012125 seconds .

========================================================================
Received Import Request.
  Time since last request: 0.000160 seconds.
  path: Assets/First Fantasy Pack/First Fantasy for Mobile/Environments/Media/Skyboxes/Fullmoon_01_Right.tga
  artifactKey: Guid(4a70f0edc51541e45ad18564de4a728f) Importer(815301076,1909f56bfc062723c751e8b465ee728b)
Start importing Assets/First Fantasy Pack/First Fantasy for Mobile/Environments/Media/Skyboxes/Fullmoon_01_Right.tga using Guid(4a70f0edc51541e45ad18564de4a728f) Importer(815301076,1909f56bfc062723c751e8b465ee728b)  -> (artifact id: '3dc4bf2366f6d7f5ea1e66e3c8430b7b') in 0.007916 seconds 
  Import took 0.012920 seconds .

========================================================================
Received Import Request.
  Time since last request: 0.000127 seconds.
  path: Assets/SkySeries Freebie/FreebieHdri/CosmicCoolCloudFront.hdr
  artifactKey: Guid(d822c5eff7d42f04691027bc8c2b0716) Importer(815301076,1909f56bfc062723c751e8b465ee728b)
Start importing Assets/SkySeries Freebie/FreebieHdri/CosmicCoolCloudFront.hdr using Guid(d822c5eff7d42f04691027bc8c2b0716) Importer(815301076,1909f56bfc062723c751e8b465ee728b)  -> (artifact id: 'cba151d342819d5945d3ca99da6b2446') in 0.010693 seconds 
  Import took 0.015696 seconds .

========================================================================
Received Import Request.
  Time since last request: 0.000147 seconds.
  path: Assets/First Fantasy Pack/First Fantasy for Mobile/Environments/Media/Textures/Flower_04.tga
  artifactKey: Guid(36e47df7775a51c468f3550f7e21e5c2) Importer(815301076,1909f56bfc062723c751e8b465ee728b)
Start importing Assets/First Fantasy Pack/First Fantasy for Mobile/Environments/Media/Textures/Flower_04.tga using Guid(36e47df7775a51c468f3550f7e21e5c2) Importer(815301076,1909f56bfc062723c751e8b465ee728b)  -> (artifact id: '3a5d1f80d0f63c92ccbe5a99758d6794') in 0.008146 seconds 
  Import took 0.013281 seconds .

========================================================================
Received Import Request.
  Time since last request: 0.000173 seconds.
  path: Assets/SkySeries Freebie/FreebieHdri/CosmicCoolCloudEQ_hdr.exr
  artifactKey: Guid(09999639e73bcd64abda22253af612d8) Importer(815301076,1909f56bfc062723c751e8b465ee728b)
Start importing Assets/SkySeries Freebie/FreebieHdri/CosmicCoolCloudEQ_hdr.exr using Guid(09999639e73bcd64abda22253af612d8) Importer(815301076,1909f56bfc062723c751e8b465ee728b)  -> (artifact id: '5875da3eba5550d98918c93451198b81') in 1.465003 seconds 
  Import took 1.470947 seconds .

========================================================================
Received Import Request.
  Time since last request: 0.000158 seconds.
  path: Assets/First Fantasy Pack/First Fantasy for Mobile/Environments/Media/Textures/Ground_Rock_04.tga
  artifactKey: Guid(987d4b7641578fc4482cd8a487522631) Importer(815301076,1909f56bfc062723c751e8b465ee728b)
Start importing Assets/First Fantasy Pack/First Fantasy for Mobile/Environments/Media/Textures/Ground_Rock_04.tga using Guid(987d4b7641578fc4482cd8a487522631) Importer(815301076,1909f56bfc062723c751e8b465ee728b)  -> (artifact id: '5358133865b412128e845ae79373a23f') in 0.008342 seconds 
  Import took 0.013705 seconds .

========================================================================
Received Import Request.
  Time since last request: 0.000186 seconds.
  path: Assets/First Fantasy Pack/First Fantasy for Mobile/Environments/Media/Textures/Ground_LavaRock_01.tga
  artifactKey: Guid(b9da627641ba12f46993f1d9a0d8d288) Importer(815301076,1909f56bfc062723c751e8b465ee728b)
Start importing Assets/First Fantasy Pack/First Fantasy for Mobile/Environments/Media/Textures/Ground_LavaRock_01.tga using Guid(b9da627641ba12f46993f1d9a0d8d288) Importer(815301076,1909f56bfc062723c751e8b465ee728b)  -> (artifact id: '45319bbe3f3884f5c07a56b95db3a931') in 0.008196 seconds 
  Import took 0.013479 seconds .

========================================================================
Received Import Request.
  Time since last request: 0.000134 seconds.
  path: Assets/First Fantasy Pack/First Fantasy for Mobile/Environments/Media/Textures/Ground_Rock_03.tga
  artifactKey: Guid(a056625673e7a1a4d81f387e49d960e2) Importer(815301076,1909f56bfc062723c751e8b465ee728b)
Start importing Assets/First Fantasy Pack/First Fantasy for Mobile/Environments/Media/Textures/Ground_Rock_03.tga using Guid(a056625673e7a1a4d81f387e49d960e2) Importer(815301076,1909f56bfc062723c751e8b465ee728b)  -> (artifact id: '29cca66e92c7dd9a7f78c8a6576a5a9c') in 0.009010 seconds 
  Import took 0.013776 seconds .

========================================================================
Received Import Request.
  Time since last request: 0.000152 seconds.
  path: Assets/First Fantasy Pack/First Fantasy for Mobile/Environments/Media/Textures/Ground_Rock_02.tga
  artifactKey: Guid(df38b315f9b3bdc4dab4a48ae9c0e207) Importer(815301076,1909f56bfc062723c751e8b465ee728b)
Start importing Assets/First Fantasy Pack/First Fantasy for Mobile/Environments/Media/Textures/Ground_Rock_02.tga using Guid(df38b315f9b3bdc4dab4a48ae9c0e207) Importer(815301076,1909f56bfc062723c751e8b465ee728b)  -> (artifact id: '606bcc862cb342d7e35bb13d315f4953') in 0.008857 seconds 
  Import took 0.014059 seconds .

========================================================================
Received Import Request.
  Time since last request: 0.000162 seconds.
  path: Assets/First Fantasy Pack/First Fantasy for Mobile/Environments/Media/Textures/Ground_Rock_01.tga
  artifactKey: Guid(4ee3a2df4bc173f458e23af46f94a593) Importer(815301076,1909f56bfc062723c751e8b465ee728b)
Start importing Assets/First Fantasy Pack/First Fantasy for Mobile/Environments/Media/Textures/Ground_Rock_01.tga using Guid(4ee3a2df4bc173f458e23af46f94a593) Importer(815301076,1909f56bfc062723c751e8b465ee728b)  -> (artifact id: '5b1caae8692893584848f189aa2646a4') in 0.008064 seconds 
  Import took 0.013194 seconds .

========================================================================
Received Import Request.
  Time since last request: 0.000134 seconds.
  path: Assets/First Fantasy Pack/First Fantasy for Mobile/Environments/Media/Textures/Grass_04.tga
  artifactKey: Guid(87d8f678f0560d744bc8fdb0e4124b06) Importer(815301076,1909f56bfc062723c751e8b465ee728b)
Start importing Assets/First Fantasy Pack/First Fantasy for Mobile/Environments/Media/Textures/Grass_04.tga using Guid(87d8f678f0560d744bc8fdb0e4124b06) Importer(815301076,1909f56bfc062723c751e8b465ee728b)  -> (artifact id: '25aa7e2cadcd9e2148cc5ac1cf67cdde') in 0.007741 seconds 
  Import took 0.012802 seconds .

========================================================================
Received Import Request.
  Time since last request: 0.000160 seconds.
  path: Assets/First Fantasy Pack/First Fantasy for Mobile/Environments/Media/Textures/Ground_Grass_01.tga
  artifactKey: Guid(5eed49de0d47618448c3e68856f8ac05) Importer(815301076,1909f56bfc062723c751e8b465ee728b)
Start importing Assets/First Fantasy Pack/First Fantasy for Mobile/Environments/Media/Textures/Ground_Grass_01.tga using Guid(5eed49de0d47618448c3e68856f8ac05) Importer(815301076,1909f56bfc062723c751e8b465ee728b)  -> (artifact id: '25bf5ae449229040e4441cdaea166c93') in 0.008400 seconds 
  Import took 0.014197 seconds .

========================================================================
Received Import Request.
  Time since last request: 0.000130 seconds.
  path: Assets/First Fantasy Pack/First Fantasy for Mobile/Environments/Media/Textures/Grass_03.tga
  artifactKey: Guid(ea37022720d70d449ac01843da446ff9) Importer(815301076,1909f56bfc062723c751e8b465ee728b)
Start importing Assets/First Fantasy Pack/First Fantasy for Mobile/Environments/Media/Textures/Grass_03.tga using Guid(ea37022720d70d449ac01843da446ff9) Importer(815301076,1909f56bfc062723c751e8b465ee728b)  -> (artifact id: 'c0539cbce4585d8695719d20c8d7301a') in 0.007254 seconds 
  Import took 0.011976 seconds .

========================================================================
Received Import Request.
  Time since last request: 0.000136 seconds.
  path: Assets/First Fantasy Pack/GE Common Assets/Sprites/Icons/FullscreenButton.png
  artifactKey: Guid(aad99c934c2f5834e93878319091a072) Importer(815301076,1909f56bfc062723c751e8b465ee728b)
Start importing Assets/First Fantasy Pack/GE Common Assets/Sprites/Icons/FullscreenButton.png using Guid(aad99c934c2f5834e93878319091a072) Importer(815301076,1909f56bfc062723c751e8b465ee728b)  -> (artifact id: '90cfb3ca16d6ded79828084ff74e4aee') in 0.009262 seconds 
  Import took 0.014290 seconds .

========================================================================
Received Import Request.
  Time since last request: 86.396938 seconds.
  path: Assets/Scenes/BoulderRun/World_1/Lv1_5.unity
  artifactKey: Guid(f02e1d6dfc75f4c4a85b6a2a7ea80c3d) Importer(815301076,1909f56bfc062723c751e8b465ee728b)
Start importing Assets/Scenes/BoulderRun/World_1/Lv1_5.unity using Guid(f02e1d6dfc75f4c4a85b6a2a7ea80c3d) Importer(815301076,1909f56bfc062723c751e8b465ee728b)  -> (artifact id: 'ea1e8bc70722075648193294c9661949') in 0.002050 seconds 
  Import took 0.007293 seconds .

========================================================================
Received Import Request.
  Time since last request: 76.506180 seconds.
  path: Assets/First Fantasy Pack/First Fantasy for Mobile/Bonus/Arctic/Terrain/Arctic.asset
  artifactKey: Guid(51b0795cd4105fb4db42d29e52f06d0e) Importer(815301076,1909f56bfc062723c751e8b465ee728b)
Start importing Assets/First Fantasy Pack/First Fantasy for Mobile/Bonus/Arctic/Terrain/Arctic.asset using Guid(51b0795cd4105fb4db42d29e52f06d0e) Importer(815301076,1909f56bfc062723c751e8b465ee728b) Received signal SIGSEGV
Stack trace:
0x00007ff60eba818a (Unity) CreateAssetToGUIDMappingV2
0x00007ff60eb4d3f0 (Unity) AssetDatabase::CreateAssetToGUIDMapping
0x00007ff60e0fa7d5 (Unity) SplatDatabase::CreateTerrainLayerAsset
0x00007ff60e0f9490 (Unity) SplatDatabase::ConvertSplatsToTerrainLayers
0x00007ff60e0f63ac (Unity) SplatDatabase::AwakeFromLoad
0x00007ff60e1347a6 (Unity) TerrainData::AwakeFromLoad
0x00007ff60dd327cf (Unity) AwakeFromLoadQueue::InvokePersistentManagerAwake
0x00007ff60dd33162 (Unity) AwakeFromLoadQueue::PersistentManagerAwakeFromLoad
0x00007ff60dd332c3 (Unity) AwakeFromLoadQueue::PersistentManagerAwakeFromLoad
0x00007ff60dd05d31 (Unity) PersistentManager::IntegrateAllThreadedObjects
0x00007ff60dd06877 (Unity) PersistentManager::LoadAndIntegrateAllPreallocatedObjects
0x00007ff60dd09e72 (Unity) PersistentManager::ReadObject
0x00007ff60eb45f41 (Unity) WritePreviews
0x00007ff60eb428be (Unity) PreviewImporter::GenerateAssetData
0x00007ff60ebe33e2 (Unity) ImportToObjects
0x00007ff60ebe2458 (Unity) ImportAsset
0x00007ff60eb7c998 (Unity) AssetImportWorker::Import
0x00007ff60eba203a (Unity) <lambda_4a0f5575432e8e69ec585d1ca7897980>::operator()
0x00007ff60ec295a2 (Unity) asio::detail::completion_handler<core::mutable_function<void __cdecl(void)> >::do_complete
0x00007ff60ec2b700 (Unity) asio::detail::win_iocp_io_service::do_one
0x00007ff60ec2ee7e (Unity) asio::io_service::run
0x00007ff60ebcab9b (Unity) RunAssetImportWorkerClientV2
0x00007ff60ebcabf0 (Unity) RunAssetImporterV2
0x00007ff60e6723dd (Unity) Application::InitializeProject
0x00007ff60eac7252 (Unity) WinMain
0x00007ff610155752 (Unity) __scrt_common_main_seh
0x00007ffd1bfd7034 (KERNEL32) BaseThreadInitThunk
0x00007ffd1d8e2651 (ntdll) RtlUserThreadStart

